Warning: Base Title is Empty. Table Spec - Row 5 - MUN
Warning: Base Title is Empty. Table Spec - Row 6 - LANGUAGE
Warning: Base Title is Empty. Table Spec - Row 7 - GENDER
Warning: Base Title is Empty. Table Spec - Row 8 - QLABEL_EA
Warning: Base Title is Empty. Table Spec - Row 9 - EXACT_AGE
Warning: Base Title is Empty. Table Spec - Row 10 - LIV_ARR
Warning: Base Title is Empty. Table Spec - Row 11 - STATUS
Warning: Base Title is Empty. Table Spec - Row 12 - NC
Warning: Base Title is Empty. Table Spec - Row 13 - WORKING_STATUS
Warning: Base Title is Empty. Table Spec - Row 14 - OCCUPATION_SCR
Warning: Base Title is Empty. Table Spec - Row 15 - PDM
Warning: Base Title is Empty. Table Spec - Row 16 - NEIGHBORHOOD
Warning: Table Title HTML Tags or &apos; entity: Row 16 - NEIGHBORHOOD
Warning: Base Title is Empty. Table Spec - Row 17 - NEIGHBORHOOD_TAGGING
Warning: Base Title is Empty. Table Spec - Row 18 - DURABILITY
Warning: Table Title HTML Tags or &apos; entity: Row 18 - DURABILITY
Warning: Base Title is Empty. Table Spec - Row 19 - DURABILITY_TAGGING
Warning: Base Title is Empty. Table Spec - Row 20 - HOME_MAINTENANCE
Warning: Table Title HTML Tags or &apos; entity: Row 20 - HOME_MAINTENANCE
Warning: Base Title is Empty. Table Spec - Row 21 - HM_TAGGING
Warning: Base Title is Empty. Table Spec - Row 22 - EDUCATIONAL_ATTAINMENT
Warning: Table Title HTML Tags or &apos; entity: Row 22 - EDUCATIONAL_ATTAINMENT
Warning: Base Title is Empty. Table Spec - Row 23 - OCCUPATION_HH
Warning: Table Title HTML Tags or &apos; entity: Row 23 - OCCUPATION_HH
Warning: Base Title is Empty. Table Spec - Row 24 - HH_FAC
Warning: Base Title is Empty. Table Spec - Row 25 - KUS_WATER
Warning: Base Title is Empty. Table Spec - Row 26 - TAGGING_KUS_WATER
Warning: Base Title is Empty. Table Spec - Row 27 - ELECTRIC
Warning: Base Title is Empty. Table Spec - Row 28 - HELP_FOLLOWUP
Warning: Base Title is Empty. Table Spec - Row 29 - MHI
Warning: Table Title HTML Tags or &apos; entity: Row 29 - MHI
Warning: Base Title is Empty. Table Spec - Row 30 - FINAL_SEC
Warning: Table Title HTML Tags or &apos; entity: Row 30 - FINAL_SEC
Warning: Base Title is Empty. Table Spec - Row 31 - BEO_USAGE_P12M
Warning: Base Title is Empty. Table Spec - Row 32 - BEO_USAGE_P6M
Warning: Base Title is Empty. Table Spec - Row 33 - BEO_USAGE_P3M
Warning: Base Title is Empty. Table Spec - Row 34 - BEO_USAGE_P4W
Warning: Base Title is Empty. Table Spec - Row 35 - CATEGORY_TRIGGERS
Warning: Base Title is Empty. Table Spec - Row 36 - CATEGORY_BARRIERS
Warning: Base Title is Empty. Table Spec - Row 37 - CATEGORY_FREQUENCY
Warning: Base Title is Empty. Table Spec - Row 38 - CATEGORY_CHANNELS
Warning: Base Title is Empty. Table Spec - Row 39 - CATEGORY_OCCASIONS
Warning: Base Title is Empty. Table Spec - Row 40 - NBS_BEO
Warning: Base Title is Empty. Table Spec - Row 41 - UN_AWARE
Warning: Base Title is Empty. Table Spec - Row 42 - TOM_UN_WARE.coding
Warning: Base Title is Empty. Table Spec - Row 43 - AWARE_MOTHERBRAND
Warning: Base Title is Empty. Table Spec - Row 44 - AWARE_VARIANT
Warning: Base Title is Empty. Table Spec - Row 45 - EVER_USED
Warning: Base Title is Empty. Table Spec - Row 46 - BRAND_USE_P12M
Warning: Base Title is Empty. Table Spec - Row 47 - BRAND_USE_P6M
Warning: Base Title is Empty. Table Spec - Row 48 - BRAND_USE_P3M
Warning: Base Title is Empty. Table Spec - Row 49 - BRAND_USE_P4W
Warning: Base Title is Empty. Table Spec - Row 50 - BUMO_BRAND
Warning: Base Title is Empty. Table Spec - Row 51 - REASON_BUMO
Warning: Base Title is Empty. Table Spec - Row 52 - BUMO_NOT_AV
Warning: Base Title is Empty. Table Spec - Row 53 - Q715201
Warning: Base Title is Empty. Table Spec - Row 54 - Q715202
Warning: Base Title is Empty. Table Spec - Row 55 - BUMO_NOT_AV_FF
Warning: Base Title is Empty. Table Spec - Row 56 - FAV_BRAND
Warning: Base Title is Empty. Table Spec - Row 57 - REASON_FAV
Warning: Base Title is Empty. Table Spec - Row 58 - TRIGGERS_BRAND
Warning: Base Title is Empty. Table Spec - Row 59 - FREQUENCY_BRAND_1
Warning: Base Title is Empty. Table Spec - Row 60 - BBLAST
Warning: Base Title is Empty. Table Spec - Row 61 - BBLAST_CHANNEL
Warning: Base Title is Empty. Table Spec - Row 62 - BBLAST_COMPANION
Warning: Base Title is Empty. Table Spec - Row 63 - BBLAST_SPEND
Warning: Base Title is Empty. Table Spec - Row 64 - NTC_BBPR
Warning: Table Title is Empty. Table Spec - Row 64 - NTC_BBPR
Warning: Base Title is Empty. Table Spec - Row 65 - BBLAST_PAIRING
Warning: Base Title is Empty. Table Spec - Row 66 - BBLAST_OCCASION
Warning: Base Title is Empty. Table Spec - Row 67 - g_BRAND_CONSIDERATION[..].BRAND_CONSIDERATION_1
Warning: Base Title is Empty. Table Spec - Row 68 - BRAND_LAPSERS
Warning: Base Title is Empty. Table Spec - Row 69 - BRAND_BARRIERS_P12M
Warning: Base Title is Empty. Table Spec - Row 70 - IMA_IMPORTANCE
Warning: Base Title is Empty. Table Spec - Row 71 - IMAGERY
Warning: Base Title is Empty. Table Spec - Row 72 - g_OVERALL_RATING_JBCSW[..].OVERALL_RATING_JBCSW_1
Warning: Base Title is Empty. Table Spec - Row 73 - LIKES_JBCSW.coding
Warning: Table Title is Empty. Table Spec - Row 73 - LIKES_JBCSW.coding
Warning: Base Title is Empty. Table Spec - Row 74 - DISLIKES_JBCSW.coding
Warning: Table Title is Empty. Table Spec - Row 74 - DISLIKES_JBCSW.coding
Warning: Base Title is Empty. Table Spec - Row 75 - g_Ratings_JBCSW[..].RATINGS_JBCSW_1
Warning: Base Title is Empty. Table Spec - Row 76 - g_ATTITUDES_CSW[..].ATTITUDES_CSW_1
Warning: Base Title is Empty. Table Spec - Row 77 - PREMIUM_CHARACTERISTICS.coding
Warning: Table Title is Empty. Table Spec - Row 77 - PREMIUM_CHARACTERISTICS.coding
Warning: Base Title is Empty. Table Spec - Row 78 - BUDGET_CHARACTERISTICS.coding
Warning: Table Title is Empty. Table Spec - Row 78 - BUDGET_CHARACTERISTICS.coding
Warning: Base Title is Empty. Table Spec - Row 79 - g_Budget_Premium_Consideration[..].BUDGET_PREMIUM_CONSIDERATION_1
